0 info it worked if it ends with ok
1 verbose cli [ '/Users/amin.meyghani/.nodenv/versions/0.12.1/bin/node',
1 verbose cli   '/Users/amin.meyghani/.nodenv/versions/0.12.1/bin/npm',
1 verbose cli   'start' ]
2 info using npm@2.5.1
3 info using node@v0.12.1
4 verbose run-script [ 'prestart', 'start', 'poststart' ]
5 info prestart flexy@1.0.0
6 info start flexy@1.0.0
7 verbose unsafe-perm in lifecycle true
8 info flexy@1.0.0 Failed to exec start script
9 verbose stack Error: flexy@1.0.0 start: `gulp`
9 verbose stack Exit status 1
9 verbose stack     at EventEmitter.<anonymous> (/Users/amin.meyghani/.nodenv/versions/0.12.1/lib/node_modules/npm/lib/utils/lifecycle.js:213:16)
9 verbose stack     at EventEmitter.emit (events.js:110:17)
9 verbose stack     at ChildProcess.<anonymous> (/Users/amin.meyghani/.nodenv/versions/0.12.1/lib/node_modules/npm/lib/utils/spawn.js:14:12)
9 verbose stack     at ChildProcess.emit (events.js:110:17)
9 verbose stack     at maybeClose (child_process.js:1008:16)
9 verbose stack     at Process.ChildProcess._handle.onexit (child_process.js:1080:5)
10 verbose pkgid flexy@1.0.0
11 verbose cwd /Users/amin.meyghani/projects/_ydl-others/lunch-n-learn/june-3-2015-flexbox
12 error Darwin 13.2.0
13 error argv "/Users/amin.meyghani/.nodenv/versions/0.12.1/bin/node" "/Users/amin.meyghani/.nodenv/versions/0.12.1/bin/npm" "start"
14 error node v0.12.1
15 error npm  v2.5.1
16 error code ELIFECYCLE
17 error flexy@1.0.0 start: `gulp`
17 error Exit status 1
18 error Failed at the flexy@1.0.0 start script 'gulp'.
18 error This is most likely a problem with the flexy package,
18 error not with npm itself.
18 error Tell the author that this fails on your system:
18 error     gulp
18 error You can get their info via:
18 error     npm owner ls flexy
18 error There is likely additional logging output above.
19 verbose exit [ 1, true ]
